<?xml version="1.0" encoding="utf-8"?><testsuites><testsuite name="pytest" errors="0" failures="0" skipped="0" tests="6" time="0.358" timestamp="2026-03-15T19:28:32.984174-07:00" hostname="5b3d54790d2e"><testcase classname="test.test_deck" name="test_deck_size" time="0.003" /><testcase classname="test.test_deck" name="test_get_card_discard" time="0.008" /><testcase classname="test.test_deck" name="test_get_card_deck_size" time="0.007" /><testcase classname="test.test_deck" name="test_reset" time="0.006" /><testcase classname="test.test_deck" name="test_shuffle" time="0.011" /><testcase classname="test.test_sample" name="test_answer" time="0.000" /></testsuite></testsuites>